<?xml version="1.0" encoding="UTF-8"?>
<!-- Generated by org.testng.reporters.JUnitXMLReporter -->
<testsuite hostname="TL0020" ignored="0" name="Test" tests="2" failures="0" timestamp="2023-02-19T19:00:06 IST" time="0.31" errors="0">
  <testcase name="runCreateLead" time="0.0" classname="testcase.CreateLeadTest">
    <skipped/>
  </testcase> <!-- runCreateLead -->
  <testcase name="runLoginTest" time="0.0" classname="testcase.LoginTest">
    <skipped/>
  </testcase> <!-- runLoginTest -->
</testsuite> <!-- Test -->
