<?xml version="1.0" encoding="UTF-8"?>
<testng-results skipped="2" failed="0" ignored="0" total="2" passed="0">
  <reporter-output>
  </reporter-output>
  <suite name="Suite" duration-ms="310" started-at="2023-02-19T19:00:05 IST" finished-at="2023-02-19T19:00:06 IST">
    <groups>
    </groups>
    <test name="Test" duration-ms="310" started-at="2023-02-19T19:00:05 IST" finished-at="2023-02-19T19:00:06 IST">
      <class name="testcase.LoginTest">
        <test-method status="PASS" signature="setup()[pri:0, instance:testcase.LoginTest@704d6e83]" name="setup" is-config="true" duration-ms="0" started-at="2023-02-19T19:00:05 IST" finished-at="2023-02-19T19:00:05 IST">
          <reporter-output>
          </reporter-output>
        </test-method> <!-- setup -->
        <test-method status="SKIP" signature="runLoginTest(java.lang.String,java.lang.String)[pri:0, instance:testcase.LoginTest@704d6e83]" name="runLoginTest" duration-ms="0" started-at="2023-02-19T19:00:05 IST" data-provider="fetchData" finished-at="2023-02-19T19:00:05 IST">
          <exception class="java.lang.RuntimeException">
            <message>
              <![CDATA[org.apache.poi.openxml4j.exceptions.InvalidOperationException: Can't open the specified file input stream from file: '.\Data\ead.xlsx']]>
            </message>
            <full-stacktrace>
              <![CDATA[java.lang.RuntimeException: org.apache.poi.openxml4j.exceptions.InvalidOperationException: Can't open the specified file input stream from file: '.\Data\ead.xlsx'
at org.testng.internal.MethodInvocationHelper.invokeMethodNoCheckedException(MethodInvocationHelper.java:50)
at org.testng.internal.MethodInvocationHelper.invokeDataProvider(MethodInvocationHelper.java:146)
at org.testng.internal.Parameters.handleParameters(Parameters.java:798)
at org.testng.internal.Parameters.handleParameters(Parameters.java:740)
at org.testng.internal.ParameterHandler.handleParameters(ParameterHandler.java:59)
at org.testng.internal.ParameterHandler.createParameters(ParameterHandler.java:38)
at org.testng.internal.TestInvoker$MethodInvocationAgent.invoke(TestInvoker.java:791)
at org.testng.internal.TestInvoker.invokeTestMethods(TestInvoker.java:146)
at org.testng.internal.TestMethodWorker.invokeTestMethods(TestMethodWorker.java:146)
at org.testng.internal.TestMethodWorker.run(TestMethodWorker.java:128)
at java.util.concurrent.ThreadPoolExecutor.runWorker(ThreadPoolExecutor.java:1149)
at java.util.concurrent.ThreadPoolExecutor$Worker.run(ThreadPoolExecutor.java:624)
at java.lang.Thread.run(Thread.java:748)
Caused by: org.apache.poi.openxml4j.exceptions.InvalidOperationException: Can't open the specified file input stream from file: '.\Data\ead.xlsx'
at org.apache.poi.openxml4j.opc.ZipPackage.openZipEntrySourceStream(ZipPackage.java:188)
at org.apache.poi.openxml4j.opc.ZipPackage.<init>(ZipPackage.java:175)
at org.apache.poi.openxml4j.opc.ZipPackage.<init>(ZipPackage.java:149)
at org.apache.poi.openxml4j.opc.OPCPackage.open(OPCPackage.java:244)
at org.apache.poi.openxml4j.opc.OPCPackage.open(OPCPackage.java:177)
at org.apache.poi.ooxml.POIXMLDocument.openPackage(POIXMLDocument.java:88)
at org.apache.poi.xssf.usermodel.XSSFWorkbook.<init>(XSSFWorkbook.java:332)
at util.ReadExcel.readData(ReadExcel.java:14)
at base.ProjectSpecificMethod.getData(ProjectSpecificMethod.java:31)
at sun.reflect.NativeMethodAccessorImpl.invoke0(Native Method)
at sun.reflect.NativeMethodAccessorImpl.invoke(NativeMethodAccessorImpl.java:62)
at sun.reflect.DelegatingMethodAccessorImpl.invoke(DelegatingMethodAccessorImpl.java:43)
at java.lang.reflect.Method.invoke(Method.java:498)
at org.testng.internal.MethodInvocationHelper.invokeMethod(MethodInvocationHelper.java:133)
at org.testng.internal.MethodInvocationHelper.invokeMethod(MethodInvocationHelper.java:77)
at org.testng.internal.MethodInvocationHelper.invokeMethodNoCheckedException(MethodInvocationHelper.java:46)
... 12 more
Caused by: java.io.FileNotFoundException: .\Data\ead.xlsx (The system cannot find the file specified)
at java.io.FileInputStream.open0(Native Method)
at java.io.FileInputStream.open(FileInputStream.java:195)
at java.io.FileInputStream.<init>(FileInputStream.java:138)
at org.apache.poi.openxml4j.opc.ZipPackage.openZipEntrySourceStream(ZipPackage.java:185)
... 27 more
]]>
            </full-stacktrace>
          </exception> <!-- java.lang.RuntimeException -->
          <reporter-output>
          </reporter-output>
        </test-method> <!-- runLoginTest -->
      </class> <!-- testcase.LoginTest -->
      <class name="testcase.CreateLeadTest">
        <test-method status="PASS" signature="setup()[pri:0, instance:testcase.CreateLeadTest@544a2ea6]" name="setup" is-config="true" duration-ms="17" started-at="2023-02-19T19:00:05 IST" finished-at="2023-02-19T19:00:05 IST">
          <reporter-output>
          </reporter-output>
        </test-method> <!-- setup -->
        <test-method status="SKIP" signature="runCreateLead(java.lang.String,java.lang.String,java.lang.String,java.lang.String,java.lang.String)[pri:0, instance:testcase.CreateLeadTest@544a2ea6]" name="runCreateLead" duration-ms="0" started-at="2023-02-19T19:00:05 IST" data-provider="fetchData" finished-at="2023-02-19T19:00:05 IST">
          <exception class="java.lang.RuntimeException">
            <message>
              <![CDATA[org.apache.poi.openxml4j.exceptions.InvalidOperationException: Can't open the specified file input stream from file: '.\Data\ead.xlsx']]>
            </message>
            <full-stacktrace>
              <![CDATA[java.lang.RuntimeException: org.apache.poi.openxml4j.exceptions.InvalidOperationException: Can't open the specified file input stream from file: '.\Data\ead.xlsx'
at org.testng.internal.MethodInvocationHelper.invokeMethodNoCheckedException(MethodInvocationHelper.java:50)
at org.testng.internal.MethodInvocationHelper.invokeDataProvider(MethodInvocationHelper.java:146)
at org.testng.internal.Parameters.handleParameters(Parameters.java:798)
at org.testng.internal.Parameters.handleParameters(Parameters.java:740)
at org.testng.internal.ParameterHandler.handleParameters(ParameterHandler.java:59)
at org.testng.internal.ParameterHandler.createParameters(ParameterHandler.java:38)
at org.testng.internal.TestInvoker$MethodInvocationAgent.invoke(TestInvoker.java:791)
at org.testng.internal.TestInvoker.invokeTestMethods(TestInvoker.java:146)
at org.testng.internal.TestMethodWorker.invokeTestMethods(TestMethodWorker.java:146)
at org.testng.internal.TestMethodWorker.run(TestMethodWorker.java:128)
at java.util.concurrent.ThreadPoolExecutor.runWorker(ThreadPoolExecutor.java:1149)
at java.util.concurrent.ThreadPoolExecutor$Worker.run(ThreadPoolExecutor.java:624)
at java.lang.Thread.run(Thread.java:748)
Caused by: org.apache.poi.openxml4j.exceptions.InvalidOperationException: Can't open the specified file input stream from file: '.\Data\ead.xlsx'
at org.apache.poi.openxml4j.opc.ZipPackage.openZipEntrySourceStream(ZipPackage.java:188)
at org.apache.poi.openxml4j.opc.ZipPackage.<init>(ZipPackage.java:175)
at org.apache.poi.openxml4j.opc.ZipPackage.<init>(ZipPackage.java:149)
at org.apache.poi.openxml4j.opc.OPCPackage.open(OPCPackage.java:244)
at org.apache.poi.openxml4j.opc.OPCPackage.open(OPCPackage.java:177)
at org.apache.poi.ooxml.POIXMLDocument.openPackage(POIXMLDocument.java:88)
at org.apache.poi.xssf.usermodel.XSSFWorkbook.<init>(XSSFWorkbook.java:332)
at util.ReadExcel.readData(ReadExcel.java:14)
at base.ProjectSpecificMethod.getData(ProjectSpecificMethod.java:31)
at sun.reflect.NativeMethodAccessorImpl.invoke0(Native Method)
at sun.reflect.NativeMethodAccessorImpl.invoke(NativeMethodAccessorImpl.java:62)
at sun.reflect.DelegatingMethodAccessorImpl.invoke(DelegatingMethodAccessorImpl.java:43)
at java.lang.reflect.Method.invoke(Method.java:498)
at org.testng.internal.MethodInvocationHelper.invokeMethod(MethodInvocationHelper.java:133)
at org.testng.internal.MethodInvocationHelper.invokeMethod(MethodInvocationHelper.java:77)
at org.testng.internal.MethodInvocationHelper.invokeMethodNoCheckedException(MethodInvocationHelper.java:46)
... 12 more
Caused by: java.io.FileNotFoundException: .\Data\ead.xlsx (The system cannot find the file specified)
at java.io.FileInputStream.open0(Native Method)
at java.io.FileInputStream.open(FileInputStream.java:195)
at java.io.FileInputStream.<init>(FileInputStream.java:138)
at org.apache.poi.openxml4j.opc.ZipPackage.openZipEntrySourceStream(ZipPackage.java:185)
... 27 more
]]>
            </full-stacktrace>
          </exception> <!-- java.lang.RuntimeException -->
          <reporter-output>
          </reporter-output>
        </test-method> <!-- runCreateLead -->
      </class> <!-- testcase.CreateLeadTest -->
    </test> <!-- Test -->
  </suite> <!-- Suite -->
</testng-results>
